nohup: ignoring input
2026-05-10 19:31:53,080 Total tickers: 542, Already screened (24h): 22, Remaining: 518
2026-05-10 19:31:59,463   ✅ ALB: GF Score = 74.0 (1/518)
2026-05-10 19:32:06,194   ✅ ALGN: GF Score = 93.0 (2/518)
2026-05-10 19:32:12,560   ✅ ALL: GF Score = 80.0 (3/518)
2026-05-10 19:32:18,763   ✅ ALLE: GF Score = 96.0 (4/518)
2026-05-10 19:32:25,156   ✅ AMAT: GF Score = 87.0 (5/518)
2026-05-10 19:32:31,603   ✅ AMCR: GF Score = 81.0 (6/518)
2026-05-10 19:32:38,048   ✅ AMD: GF Score = 83.0 (7/518)
2026-05-10 19:32:44,486   ✅ AME: GF Score = 98.0 (8/518)
2026-05-10 19:32:51,134   ✅ AMGN: GF Score = 88.0 (9/518)
2026-05-10 19:32:57,706   ✅ AMP: GF Score = 87.0 (10/518)
2026-05-10 19:33:04,632   ✅ AMT: GF Score = 80.0 (11/518)
2026-05-10 19:33:11,093   ✅ AMZN: GF Score = 93.0 (12/518)
2026-05-10 19:33:17,423   ✅ ANET: GF Score = 100.0 (13/518)
2026-05-10 19:33:23,758   ✅ AON: GF Score = 90.0 (14/518)
2026-05-10 19:33:30,092   ✅ AOS: GF Score = 91.0 (15/518)
2026-05-10 19:33:36,146   ✅ APA: GF Score = 67.0 (16/518)
2026-05-10 19:33:42,846   ✅ APD: GF Score = 82.0 (17/518)
2026-05-10 19:33:49,194   ✅ APH: GF Score = 97.0 (18/518)
2026-05-10 19:33:55,868   ✅ APO: GF Score = 80.0 (19/518)
2026-05-10 19:34:02,351   ✅ APP: GF Score = 94.0 (20/518)
2026-05-10 19:34:09,640   ✅ APTV: GF Score = 86.0 (21/518)
2026-05-10 19:34:17,026   ✅ ARE: GF Score = 62.0 (22/518)
2026-05-10 19:34:23,538   ✅ ARES: GF Score = 78.0 (23/518)
2026-05-10 19:34:31,241   ✅ ATO: GF Score = 86.0 (24/518)
2026-05-10 19:34:37,455   ✅ AVB: GF Score = 82.0 (25/518)
2026-05-10 19:34:44,072   ✅ AVGO: GF Score = 93.0 (26/518)
2026-05-10 19:34:50,952   ✅ AVY: GF Score = 90.0 (27/518)
2026-05-10 19:34:57,409   ✅ AWK: GF Score = 88.0 (28/518)
2026-05-10 19:35:04,495   ✅ AXON: GF Score = 82.0 (29/518)
2026-05-10 19:35:11,037   ✅ AXP: GF Score = 85.0 (30/518)
2026-05-10 19:35:17,532   ✅ AZO: GF Score = 92.0 (31/518)
2026-05-10 19:35:23,983   ✅ BA: GF Score = 74.0 (32/518)
2026-05-10 19:35:30,342   ✅ BAC: GF Score = 85.0 (33/518)
2026-05-10 19:35:36,556   ✅ BALL: GF Score = 87.0 (34/518)
2026-05-10 19:35:43,267   ✅ BAX: GF Score = 66.0 (35/518)
2026-05-10 19:35:50,285   ✅ BBY: GF Score = 76.0 (36/518)
2026-05-10 19:35:57,141   ✅ BDX: GF Score = 81.0 (37/518)
2026-05-10 19:36:03,797   ✅ BEN: GF Score = 82.0 (38/518)
2026-05-10 19:36:04,236 GuruFocus API error (stock/BF-B/summary): 404 Client Error: Not Found for url: https://api.gurufocus.com/public/user/0fd183e16805a68d823c82114338c828:ae141f40cc22ff2c3b8dbc1125257272/stock/BF-B/summary
2026-05-10 19:36:04,237   ⚠️ BF-B: No data or GF Score missing
2026-05-10 19:36:10,600   ✅ BG: GF Score = 78.0 (39/518)
2026-05-10 19:36:17,134   ✅ BIIB: GF Score = 77.0 (40/518)
2026-05-10 19:36:23,785   ✅ BK: GF Score = 81.0 (41/518)
2026-05-10 19:36:30,350   ✅ BKNG: GF Score = 96.0 (42/518)
2026-05-10 19:36:36,881   ✅ BKR: GF Score = 72.0 (43/518)
2026-05-10 19:36:43,643   ✅ BLDR: GF Score = 85.0 (44/518)
2026-05-10 19:36:50,437   ✅ BLK: GF Score = 47.0 (45/518)
2026-05-10 19:36:56,963   ✅ BMY: GF Score = 80.0 (46/518)
2026-05-10 19:37:03,740   ✅ BR: GF Score = 86.0 (47/518)
2026-05-10 19:37:03,992 GuruFocus API error (stock/BRK-B/summary): 404 Client Error: Not Found for url: https://api.gurufocus.com/public/user/0fd183e16805a68d823c82114338c828:ae141f40cc22ff2c3b8dbc1125257272/stock/BRK-B/summary
2026-05-10 19:37:03,992   ⚠️ BRK-B: No data or GF Score missing
2026-05-10 19:37:10,566   ✅ BRO: GF Score = 83.0 (48/518)
2026-05-10 19:37:17,087   ✅ BSX: GF Score = 80.0 (49/518)
2026-05-10 19:37:23,598   ✅ BX: GF Score = 73.0 (50/518)
2026-05-10 19:37:30,432   ✅ BXP: GF Score = 72.0 (51/518)
2026-05-10 19:37:37,047   ✅ C: GF Score = 76.0 (52/518)
2026-05-10 19:37:43,688   ✅ CAG: GF Score = 60.0 (53/518)
2026-05-10 19:37:50,521   ✅ CAH: GF Score = 86.0 (54/518)
2026-05-10 19:37:57,315   ✅ CARR: GF Score = 81.0 (55/518)
2026-05-10 19:38:04,602   ✅ CASY: GF Score = 76.0 (56/518)
2026-05-10 19:38:11,259   ✅ CAT: GF Score = 85.0 (57/518)
2026-05-10 19:38:17,591   ✅ CB: GF Score = 85.0 (58/518)
2026-05-10 19:38:23,828   ✅ CBOE: GF Score = 88.0 (59/518)
2026-05-10 19:38:30,144   ✅ CBRE: GF Score = 96.0 (60/518)
2026-05-10 19:38:36,471   ✅ CCI: GF Score = 66.0 (61/518)
2026-05-10 19:38:43,055   ✅ CCL: GF Score = 82.0 (62/518)
2026-05-10 19:38:49,795   ✅ CDNS: GF Score = 97.0 (63/518)
2026-05-10 19:38:56,654   ✅ CDW: GF Score = 79.0 (64/518)
2026-05-10 19:39:03,172   ✅ CEG: GF Score = 82.0 (65/518)
2026-05-10 19:39:09,894   ✅ CF: GF Score = 84.0 (66/518)
2026-05-10 19:39:16,668   ✅ CFG: GF Score = 77.0 (67/518)
2026-05-10 19:39:22,823   ✅ CHD: GF Score = 85.0 (68/518)
2026-05-10 19:39:28,943   ✅ CHRW: GF Score = 77.0 (69/518)
2026-05-10 19:39:35,501   ✅ CHTR: GF Score = 67.0 (70/518)
2026-05-10 19:39:41,803   ✅ CI: GF Score = 72.0 (71/518)
2026-05-10 19:39:48,244   ✅ CIEN: GF Score = 74.0 (72/518)
2026-05-10 19:39:55,265   ✅ CINF: GF Score = 81.0 (73/518)
2026-05-10 19:40:01,636   ✅ CL: GF Score = 84.0 (74/518)
2026-05-10 19:40:08,350   ✅ CLX: GF Score = 73.0 (75/518)
2026-05-10 19:40:15,011   ✅ CMCSA: GF Score = 81.0 (76/518)
2026-05-10 19:40:21,113   ✅ CME: GF Score = 87.0 (77/518)
2026-05-10 19:40:27,562   ✅ CMG: GF Score = 88.0 (78/518)
2026-05-10 19:40:33,738   ✅ CMI: GF Score = 86.0 (79/518)
2026-05-10 19:40:40,512   ✅ CMS: GF Score = 78.0 (80/518)
2026-05-10 19:40:47,362   ✅ CNC: GF Score = 73.0 (81/518)
2026-05-10 19:40:54,385   ✅ CNP: GF Score = 76.0 (82/518)
2026-05-10 19:41:01,340   ✅ COF: GF Score = 82.0 (83/518)
2026-05-10 19:41:08,266   ✅ COHR: GF Score = 76.0 (84/518)
2026-05-10 19:41:14,889   ✅ COIN: GF Score = 86.0 (85/518)
2026-05-10 19:41:21,279   ✅ COO: GF Score = 90.0 (86/518)
2026-05-10 19:41:28,106   ✅ COP: GF Score = 70.0 (87/518)
2026-05-10 19:41:34,900   ✅ COR: GF Score = 88.0 (88/518)
2026-05-10 19:41:41,622   ✅ COST: GF Score = 98.0 (89/518)
2026-05-10 19:41:48,609   ✅ CPAY: GF Score = 93.0 (90/518)
2026-05-10 19:41:55,517   ✅ CPB: GF Score = 58.0 (91/518)
2026-05-10 19:42:01,819   ✅ CPRT: GF Score = 88.0 (92/518)
2026-05-10 19:42:08,449   ✅ CPT: GF Score = 77.0 (93/518)
2026-05-10 19:42:14,834   ✅ CRH: GF Score = 90.0 (94/518)
2026-05-10 19:42:21,334   ✅ CRL: GF Score = 79.0 (95/518)
2026-05-10 19:42:27,803   ✅ CRM: GF Score = 82.0 (96/518)
2026-05-10 19:42:34,023   ✅ CRWD: GF Score = 82.0 (97/518)
2026-05-10 19:42:40,268   ✅ CSCO: GF Score = 83.0 (98/518)
2026-05-10 19:42:46,616   ✅ CSGP: GF Score = 77.0 (99/518)
2026-05-10 19:42:53,574   ✅ CSX: GF Score = 88.0 (100/518)
2026-05-10 19:43:00,248   ✅ CTAS: GF Score = 95.0 (101/518)
2026-05-10 19:43:06,844   ✅ CTRA: GF Score = 89.0 (102/518)
2026-05-10 19:43:13,372   ✅ CTSH: GF Score = 84.0 (103/518)
2026-05-10 19:43:19,828   ✅ CTVA: GF Score = 79.0 (104/518)
2026-05-10 19:43:26,304   ✅ CVNA: GF Score = 76.0 (105/518)
2026-05-10 19:43:32,787   ✅ CVS: GF Score = 79.0 (106/518)
2026-05-10 19:43:39,357   ✅ CVX: GF Score = 75.0 (107/518)
2026-05-10 19:43:46,207   ✅ D: GF Score = 80.0 (108/518)
2026-05-10 19:43:52,955   ✅ DAL: GF Score = 85.0 (109/518)
2026-05-10 19:43:59,688   ✅ DASH: GF Score = 82.0 (110/518)
2026-05-10 19:44:05,986   ✅ DD: GF Score = 71.0 (111/518)
2026-05-10 19:44:12,259   ✅ DDOG: GF Score = 84.0 (112/518)
2026-05-10 19:44:19,299   ✅ DE: GF Score = 88.0 (113/518)
2026-05-10 19:44:25,658   ✅ DECK: GF Score = 94.0 (114/518)
2026-05-10 19:44:31,925   ✅ DELL: GF Score = 82.0 (115/518)
2026-05-10 19:44:38,483   ✅ DG: GF Score = 82.0 (116/518)
2026-05-10 19:44:45,279   ✅ DGX: GF Score = 85.0 (117/518)
2026-05-10 19:44:52,211   ✅ DHI: GF Score = 95.0 (118/518)
2026-05-10 19:44:59,264   ✅ DHR: GF Score = 80.0 (119/518)
2026-05-10 19:45:06,361   ✅ DIA: GF Score = 85.0 (120/518)
2026-05-10 19:45:13,023   ✅ DIS: GF Score = 88.0 (121/518)
2026-05-10 19:45:19,645   ✅ DLR: GF Score = 87.0 (122/518)
2026-05-10 19:45:26,303   ✅ DLTR: GF Score = 78.0 (123/518)
2026-05-10 19:45:33,558   ✅ DOC: GF Score = 79.0 (124/518)
2026-05-10 19:45:40,329   ✅ DOV: GF Score = 92.0 (125/518)
2026-05-10 19:45:46,526   ✅ DOW: GF Score = 64.0 (126/518)
2026-05-10 19:45:53,132   ✅ DPZ: GF Score = 80.0 (127/518)
2026-05-10 19:46:00,037   ✅ DRI: GF Score = 91.0 (128/518)
2026-05-10 19:46:06,908   ✅ DTE: GF Score = 76.0 (129/518)
2026-05-10 19:46:13,445   ✅ DUK: GF Score = 80.0 (130/518)
2026-05-10 19:46:20,279   ✅ DVA: GF Score = 90.0 (131/518)
2026-05-10 19:46:26,780   ✅ DVN: GF Score = 81.0 (132/518)
2026-05-10 19:46:33,491   ✅ DXCM: GF Score = 91.0 (133/518)
2026-05-10 19:46:40,154   ✅ EA: GF Score = 93.0 (134/518)
2026-05-10 19:46:47,179   ✅ EBAY: GF Score = 86.0 (135/518)
2026-05-10 19:46:54,259   ✅ ECL: GF Score = 88.0 (136/518)
2026-05-10 19:47:01,063   ✅ ED: GF Score = 72.0 (137/518)
2026-05-10 19:47:07,419   ✅ EEM: GF Score = 81.0 (138/518)
2026-05-10 19:47:14,184   ✅ EFA: GF Score = 78.0 (139/518)
2026-05-10 19:47:20,827   ✅ EFX: GF Score = 79.0 (140/518)
2026-05-10 19:47:27,344   ✅ EG: GF Score = 82.0 (141/518)
2026-05-10 19:47:33,839   ✅ EIX: GF Score = 72.0 (142/518)
2026-05-10 19:47:40,155   ✅ EL: GF Score = 78.0 (143/518)
2026-05-10 19:47:46,779   ✅ ELV: GF Score = 87.0 (144/518)
2026-05-10 19:47:53,453   ✅ EME: GF Score = 92.0 (145/518)
2026-05-10 19:48:00,055   ✅ EMR: GF Score = 87.0 (146/518)
2026-05-10 19:48:06,752   ✅ EOG: GF Score = 74.0 (147/518)
2026-05-10 19:48:13,137   ✅ EPAM: GF Score = 84.0 (148/518)
2026-05-10 19:48:19,557   ✅ EQIX: GF Score = 92.0 (149/518)
2026-05-10 19:48:25,799   ✅ EQR: GF Score = 75.0 (150/518)
2026-05-10 19:48:32,296   ✅ EQT: GF Score = 80.0 (151/518)
2026-05-10 19:48:39,511   ✅ ERIE: GF Score = 70.0 (152/518)
2026-05-10 19:48:46,193   ✅ ES: GF Score = 77.0 (153/518)
2026-05-10 19:48:52,879   ✅ ESS: GF Score = 79.0 (154/518)
2026-05-10 19:48:59,632   ✅ ETN: GF Score = 90.0 (155/518)
2026-05-10 19:49:05,960   ✅ ETR: GF Score = 78.0 (156/518)
2026-05-10 19:49:12,387   ✅ EVRG: GF Score = 86.0 (157/518)
2026-05-10 19:49:18,899   ✅ EW: GF Score = 97.0 (158/518)
2026-05-10 19:49:25,533   ✅ EWG: GF Score = 77.0 (159/518)
2026-05-10 19:49:32,019   ✅ EWJ: GF Score = 78.0 (160/518)
2026-05-10 19:49:38,861   ✅ EWT: GF Score = 79.0 (161/518)
2026-05-10 19:49:46,194   ✅ EWU: GF Score = 74.0 (162/518)
2026-05-10 19:49:52,781   ✅ EWY: GF Score = 80.0 (163/518)
2026-05-10 19:49:59,899   ✅ EWZ: GF Score = 75.0 (164/518)
2026-05-10 19:50:06,403   ✅ EXC: GF Score = 74.0 (165/518)
2026-05-10 19:50:12,859   ✅ EXE: GF Score = 55.0 (166/518)
2026-05-10 19:50:19,346   ✅ EXPD: GF Score = 78.0 (167/518)
2026-05-10 19:50:25,917   ✅ EXPE: GF Score = 88.0 (168/518)
2026-05-10 19:50:32,326   ✅ EXR: GF Score = 93.0 (169/518)
2026-05-10 19:50:38,714   ✅ F: GF Score = 73.0 (170/518)
2026-05-10 19:50:45,934   ✅ FANG: GF Score = 75.0 (171/518)
2026-05-10 19:50:53,193   ✅ FAST: GF Score = 99.0 (172/518)
2026-05-10 19:50:59,981   ✅ FCX: GF Score = 88.0 (173/518)
2026-05-10 19:51:06,723   ✅ FDS: GF Score = 79.0 (174/518)
2026-05-10 19:51:13,689   ✅ FDX: GF Score = 88.0 (175/518)
2026-05-10 19:51:20,597   ✅ FE: GF Score = 76.0 (176/518)
2026-05-10 19:51:26,852   ✅ FFIV: GF Score = 89.0 (177/518)
2026-05-10 19:51:33,220   ✅ FICO: GF Score = 84.0 (178/518)
2026-05-10 19:51:39,814   ✅ FIS: GF Score = 66.0 (179/518)
2026-05-10 19:51:46,358   ✅ FISV: GF Score = 78.0 (180/518)
2026-05-10 19:51:53,288   ✅ FITB: GF Score = 77.0 (181/518)
2026-05-10 19:51:59,939   ✅ FIX: GF Score = 87.0 (182/518)
2026-05-10 19:52:06,673   ✅ FOX: GF Score = 84.0 (183/518)
2026-05-10 19:52:13,327   ✅ FOXA: GF Score = 84.0 (184/518)
2026-05-10 19:52:19,613   ✅ FRT: GF Score = 85.0 (185/518)
2026-05-10 19:52:26,111   ✅ FSLR: GF Score = 91.0 (186/518)
2026-05-10 19:52:31,863   ✅ FTNT: GF Score = 96.0 (187/518)
2026-05-10 19:52:38,546   ✅ FTV: GF Score = 80.0 (188/518)
2026-05-10 19:52:45,499   ✅ FXI: GF Score = 84.0 (189/518)
2026-05-10 19:52:52,903   ✅ GD: GF Score = 95.0 (190/518)
2026-05-10 19:52:59,837   ✅ GDDY: GF Score = 72.0 (191/518)
2026-05-10 19:53:06,362   ✅ GE: GF Score = 79.0 (192/518)
2026-05-10 19:53:12,950   ✅ GEHC: GF Score = 78.0 (193/518)
2026-05-10 19:53:19,114   ✅ GEN: GF Score = 82.0 (194/518)
2026-05-10 19:53:25,649   ✅ GEV: GF Score = 22.0 (195/518)
2026-05-10 19:53:32,173   ✅ GILD: GF Score = 78.0 (196/518)
2026-05-10 19:53:39,638   ✅ GIS: GF Score = 66.0 (197/518)
2026-05-10 19:53:46,221   ✅ GL: GF Score = 90.0 (198/518)
2026-05-10 19:53:52,697   ⚠️ GLD: No data or GF Score missing
2026-05-10 19:53:59,233   ✅ GLW: GF Score = 69.0 (199/518)
2026-05-10 19:54:05,706   ✅ GM: GF Score = 82.0 (200/518)
2026-05-10 19:54:12,368   ✅ GNRC: GF Score = 85.0 (201/518)
2026-05-10 19:54:19,170   ✅ GOOG: GF Score = 94.0 (202/518)
2026-05-10 19:54:25,746   ✅ GOOGL: GF Score = 94.0 (203/518)
2026-05-10 19:54:32,311   ✅ GPC: GF Score = 79.0 (204/518)
2026-05-10 19:54:39,095   ✅ GPN: GF Score = 84.0 (205/518)
2026-05-10 19:54:45,688   ✅ GRMN: GF Score = 99.0 (206/518)
2026-05-10 19:54:52,127   ✅ GS: GF Score = 80.0 (207/518)
2026-05-10 19:54:59,023   ✅ GWW: GF Score = 95.0 (208/518)
2026-05-10 19:55:05,448   ✅ HAL: GF Score = 79.0 (209/518)
2026-05-10 19:55:12,103   ✅ HAS: GF Score = 71.0 (210/518)
2026-05-10 19:55:18,410   ✅ HBAN: GF Score = 83.0 (211/518)
2026-05-10 19:55:24,705   ✅ HCA: GF Score = 96.0 (212/518)
2026-05-10 19:55:31,218   ✅ HD: GF Score = 85.0 (213/518)
2026-05-10 19:55:37,864   ✅ HIG: GF Score = 93.0 (214/518)
2026-05-10 19:55:44,607   ✅ HII: GF Score = 88.0 (215/518)
2026-05-10 19:55:51,469   ✅ HLT: GF Score = 87.0 (216/518)
2026-05-10 19:55:58,303   ✅ HON: GF Score = 85.0 (217/518)
2026-05-10 19:56:05,183   ✅ HOOD: GF Score = 81.0 (218/518)
2026-05-10 19:56:11,776   ✅ HPE: GF Score = 81.0 (219/518)
2026-05-10 19:56:18,302   ✅ HPQ: GF Score = 73.0 (220/518)
2026-05-10 19:56:24,519   ✅ HRL: GF Score = 65.0 (221/518)
2026-05-10 19:56:30,870   ✅ HSIC: GF Score = 83.0 (222/518)
2026-05-10 19:56:37,449   ✅ HST: GF Score = 82.0 (223/518)
2026-05-10 19:56:43,900   ✅ HSY: GF Score = 75.0 (224/518)
2026-05-10 19:56:50,584   ✅ HUBB: GF Score = 95.0 (225/518)
2026-05-10 19:56:57,378   ✅ HUM: GF Score = 87.0 (226/518)
2026-05-10 19:57:04,029   ✅ HWM: GF Score = 84.0 (227/518)
2026-05-10 19:57:10,322   ⚠️ HYG: No data or GF Score missing
2026-05-10 19:57:16,770   ✅ IBKR: GF Score = 88.0 (228/518)
2026-05-10 19:57:22,857   ✅ IBM: GF Score = 81.0 (229/518)
2026-05-10 19:57:29,407   ✅ ICE: GF Score = 91.0 (230/518)
2026-05-10 19:57:35,983   ✅ IDXX: GF Score = 99.0 (231/518)
2026-05-10 19:57:42,473   ⚠️ IEF: No data or GF Score missing
2026-05-10 19:57:49,428   ✅ IEX: GF Score = 93.0 (232/518)
2026-05-10 19:57:56,497   ✅ IFF: GF Score = 74.0 (233/518)
2026-05-10 19:58:02,514   ✅ INCY: GF Score = 92.0 (234/518)
2026-05-10 19:58:09,459   ✅ INDA: GF Score = 82.0 (235/518)
2026-05-10 19:58:15,952   ✅ INTC: GF Score = 71.0 (236/518)
2026-05-10 19:58:22,216   ✅ INTU: GF Score = 84.0 (237/518)
2026-05-10 19:58:28,629   ✅ INVH: GF Score = 84.0 (238/518)
2026-05-10 19:58:35,338   ✅ IONQ: GF Score = 54.0 (239/518)
2026-05-10 19:58:42,152   ✅ IP: GF Score = 72.0 (240/518)
2026-05-10 19:58:49,181   ✅ IQV: GF Score = 93.0 (241/518)
2026-05-10 19:58:55,979   ✅ IR: GF Score = 88.0 (242/518)
2026-05-10 19:59:02,784   ✅ IRM: GF Score = 86.0 (243/518)
2026-05-10 19:59:09,040   ✅ ISRG: GF Score = 97.0 (244/518)
2026-05-10 19:59:15,671   ✅ IT: GF Score = 79.0 (245/518)
2026-05-10 19:59:22,091   ✅ ITW: GF Score = 88.0 (246/518)
2026-05-10 19:59:28,681   ✅ IVZ: GF Score = 72.0 (247/518)
2026-05-10 19:59:35,429   ✅ IWM: GF Score = 72.0 (248/518)
2026-05-10 19:59:42,283   ✅ J: GF Score = 83.0 (249/518)
2026-05-10 19:59:49,069   ✅ JBHT: GF Score = 89.0 (250/518)
2026-05-10 19:59:56,097   ✅ JBL: GF Score = 83.0 (251/518)
2026-05-10 20:00:03,881   ✅ JCI: GF Score = 81.0 (252/518)
2026-05-10 20:00:11,417   ✅ JKHY: GF Score = 91.0 (253/518)
2026-05-10 20:00:17,939   ✅ JNJ: GF Score = 83.0 (254/518)
2026-05-10 20:00:23,653   ✅ JPM: GF Score = 85.0 (255/518)
2026-05-10 20:00:30,313   ✅ KDP: GF Score = 80.0 (256/518)
2026-05-10 20:00:37,306   ✅ KEY: GF Score = 71.0 (257/518)
2026-05-10 20:00:44,328   ✅ KEYS: GF Score = 78.0 (258/518)
2026-05-10 20:00:51,714   ✅ KHC: GF Score = 61.0 (259/518)
2026-05-10 20:00:58,421   ✅ KIM: GF Score = 79.0 (260/518)
2026-05-10 20:01:04,968   ✅ KKR: GF Score = 87.0 (261/518)
2026-05-10 20:01:11,458   ✅ KLAC: GF Score = 86.0 (262/518)
2026-05-10 20:01:17,688   ✅ KMB: GF Score = 71.0 (263/518)
2026-05-10 20:01:23,997   ✅ KMI: GF Score = 79.0 (264/518)
2026-05-10 20:01:30,563   ✅ KO: GF Score = 84.0 (265/518)
2026-05-10 20:01:37,471   ✅ KR: GF Score = 82.0 (266/518)
2026-05-10 20:01:44,226   ✅ KVUE: GF Score = 73.0 (267/518)
2026-05-10 20:01:50,713   ✅ L: GF Score = 75.0 (268/518)
2026-05-10 20:01:57,136   ✅ LDOS: GF Score = 83.0 (269/518)
2026-05-10 20:02:03,795   ✅ LEN: GF Score = 80.0 (270/518)
2026-05-10 20:02:10,405   ✅ LH: GF Score = 84.0 (271/518)
2026-05-10 20:02:16,711   ✅ LHX: GF Score = 90.0 (272/518)
2026-05-10 20:02:23,283   ✅ LII: GF Score = 92.0 (273/518)
2026-05-10 20:02:29,340   ✅ LIN: GF Score = 95.0 (274/518)
2026-05-10 20:02:35,687   ✅ LITE: GF Score = 67.0 (275/518)
2026-05-10 20:02:42,111   ✅ LLY: GF Score = 95.0 (276/518)
2026-05-10 20:02:49,088   ✅ LMT: GF Score = 78.0 (277/518)
2026-05-10 20:02:56,014   ✅ LNT: GF Score = 81.0 (278/518)
2026-05-10 20:03:02,849   ✅ LOW: GF Score = 88.0 (279/518)
2026-05-10 20:03:09,408   ✅ LRCX: GF Score = 87.0 (280/518)
2026-05-10 20:03:15,737   ✅ LULU: GF Score = 83.0 (281/518)
2026-05-10 20:03:22,198   ✅ LUV: GF Score = 88.0 (282/518)
2026-05-10 20:03:28,699   ✅ LVS: GF Score = 89.0 (283/518)
