2026-05-06 16:52:03,636 [DataVaultDaemon] INFO — ═══ Vault cycle started at 2026-05-06T16:52:03.636239+00:00 ═══
2026-05-06 16:52:03,884 [DataVaultDaemon] INFO — 📊 Neon universe: 542 tickers
2026-05-06 16:52:04,119 [backend.modules.flow_intelligence.infrastructure.uw_mcp_bridge] WARNING — UW API rate limited — backing off 60s
2026-05-06 16:53:04,172 [backend.modules.flow_intelligence.infrastructure.uw_mcp_bridge] WARNING — UW API rate limited — backing off 60s
2026-05-06 16:54:04,213 [backend.modules.flow_intelligence.infrastructure.uw_mcp_bridge] WARNING — UW API rate limited — backing off 60s
2026-05-06 16:55:04,282 [DataVaultDaemon] INFO — 🐋 0 unique tickers detected in flow
2026-05-06 16:55:04,282 [DataVaultDaemon] INFO — 🐋 UW vault complete: SPY=0 ticks, tide=0 pts, 0/0 tickers captured
2026-05-06 16:55:04,535 [DataVaultDaemon] INFO — 📊 VIX snapshot: 17.23
2026-05-06 16:58:17,683 [DataVaultDaemon] INFO — 📊 Yahoo vault complete: VIX=✓, 539/542 chains captured
2026-05-06 16:58:18,006 [DataVaultDaemon] INFO — 💼 Portfolio vault: 0 positions, $100,029 cash
2026-05-06 16:58:18,011 [backend.modules.flow_intelligence.infrastructure.finnhub_api] INFO — Finnhub Intelligence inicializado correctamente.
2026-05-06 16:58:20,625 [DataVaultDaemon] INFO — 📰 Finnhub vault complete: earnings=skip, 28 tickers with news
2026-05-06 16:58:20,681 [DataVaultDaemon] INFO — 📊 FRED macro already vaulted today — skipping
2026-05-06 16:58:20,729 [DataVaultDaemon] INFO — 😱 Fear & Greed already vaulted today — skipping
2026-05-06 16:58:20,775 [DataVaultDaemon] INFO — 🔬 GuruFocus screening: 0/20 tickers
2026-05-06 16:58:20,821 [DataVaultDaemon] INFO — 📈 OHLCV bars already updated today — skipping
2026-05-06 16:58:20,822 [DataVaultDaemon] INFO — ═══ Vault cycle complete: uw=ok | yahoo=ok | portfolio=ok | finnhub=ok | fred=skipped | fear_greed=skipped | gurufocus=ok | ohlcv=skipped ═══
2026-05-06 16:58:20,822 [DataVaultDaemon] INFO — Sleeping 300s until next cycle...
2026-05-06 17:03:20,822 [DataVaultDaemon] INFO — ═══ Vault cycle started at 2026-05-06T17:03:20.822381+00:00 ═══
2026-05-06 17:03:21,049 [DataVaultDaemon] INFO — 📊 Neon universe: 542 tickers
2026-05-06 17:03:21,269 [backend.modules.flow_intelligence.infrastructure.uw_mcp_bridge] WARNING — UW API rate limited — backing off 60s
2026-05-06 17:04:21,318 [backend.modules.flow_intelligence.infrastructure.uw_mcp_bridge] WARNING — UW API rate limited — backing off 60s
2026-05-06 17:05:21,360 [backend.modules.flow_intelligence.infrastructure.uw_mcp_bridge] WARNING — UW API rate limited — backing off 60s
2026-05-06 17:06:21,416 [DataVaultDaemon] INFO — 🐋 0 unique tickers detected in flow
2026-05-06 17:06:21,416 [DataVaultDaemon] INFO — 🐋 UW vault complete: SPY=0 ticks, tide=0 pts, 0/0 tickers captured
2026-05-06 17:06:21,520 [DataVaultDaemon] INFO — 📊 VIX snapshot: 17.24
